2026-07-12 06:10:41.293726: I tensorflow/core/util/port.cc:113] oneDNN custom operations are on. You may see slightly different numerical results due to floating-point round-off errors from different computation orders. To turn them off, set the environment variable `TF_ENABLE_ONEDNN_OPTS=0`.
2026-07-12 06:10:41.333230: E external/local_xla/xla/stream_executor/cuda/cuda_dnn.cc:9261] Unable to register cuDNN factory: Attempting to register factory for plugin cuDNN when one has already been registered
2026-07-12 06:10:41.333249: E external/local_xla/xla/stream_executor/cuda/cuda_fft.cc:607] Unable to register cuFFT factory: Attempting to register factory for plugin cuFFT when one has already been registered
2026-07-12 06:10:41.334395: E external/local_xla/xla/stream_executor/cuda/cuda_blas.cc:1515] Unable to register cuBLAS factory: Attempting to register factory for plugin cuBLAS when one has already been registered
2026-07-12 06:10:41.340465: I tensorflow/core/platform/cpu_feature_guard.cc:182] This TensorFlow binary is optimized to use available CPU instructions in performance-critical operations.
To enable the following instructions: AVX2 AVX512F AVX512_VNNI AVX512_BF16 AVX_VNNI AMX_TILE AMX_INT8 AMX_BF16 FMA, in other operations, rebuild TensorFlow with the appropriate compiler flags.
2026-07-12 06:10:41.941673: W tensorflow/compiler/tf2tensorrt/utils/py_utils.cc:38] TF-TRT Warning: Could not find TensorRT
Using LIBERO constants:
  NUM_ACTIONS_CHUNK = 8
  ACTION_DIM = 7
  PROPRIO_DIM = 8
  ACTION_PROPRIO_NORMALIZATION_TYPE = bounds_q99
If needed, manually set the correct constants in `prismatic/vla/constants.py`!
2026-07-12 06:10:46.209214: W tensorflow/core/common_runtime/gpu/gpu_device.cc:2256] Cannot dlopen some GPU libraries. Please make sure the missing libraries mentioned above are installed properly if you would like to use GPU. Follow the guide at https://www.tensorflow.org/install/gpu for how to download and setup the required libraries for your platform.
Skipping registering GPU devices...
Loading DF-04-02 best adapter and fixed train split...
Loading checkpoint shards:   0%|          | 0/3 [00:00<?, ?it/s]Loading checkpoint shards:  33%|███▎      | 1/3 [00:00<00:00,  4.06it/s]Loading checkpoint shards:  67%|██████▋   | 2/3 [00:00<00:00,  5.44it/s]Loading checkpoint shards: 100%|██████████| 3/3 [00:00<00:00,  6.25it/s]Loading checkpoint shards: 100%|██████████| 3/3 [00:00<00:00,  5.79it/s]
2026-07-12 06:11:02.920542: I tensorflow/core/grappler/optimizers/data/replicate_on_split.cc:32] Running replicate on split optimization
2026-07-12 06:11:03.017709: I tensorflow/core/grappler/optimizers/data/replicate_on_split.cc:32] Running replicate on split optimization

######################################################################################
# Loading the following 1 datasets (incl. sampling weight):                         #
# libero_10_no_noops: ======================================================1.000000 #
######################################################################################

07/12 [06:11:03] INFO     | >> [*] Threads per Dataset: [1]                                 dataset.py:692
                 INFO     | >> [*] Reads per Dataset: [1]                                   dataset.py:693
                 INFO     | >> [*] Constructing datasets...                                 dataset.py:696
2026-07-12 06:11:03.622597: I tensorflow/core/grappler/optimizers/data/replicate_on_split.cc:32] Running replicate on split optimization
2026-07-12 06:11:03.661585: I tensorflow/core/grappler/optimizers/data/replicate_on_split.cc:32] Running replicate on split optimization
07/12 [06:11:04] INFO     | >> [*] Applying frame transforms on dataset...                  dataset.py:737
Processed 25/200 train transitions.
Processed 50/200 train transitions.
Processed 75/200 train transitions.
Processed 100/200 train transitions.
Processed 125/200 train transitions.
Processed 150/200 train transitions.
Processed 175/200 train transitions.
Processed 200/200 train transitions.

DF-05-01 offline action diagnostic: COMPLETED
evaluated_samples=200
action_token_accuracy_excluding_stop=0.422857
whole_action_accuracy=0.010000
pred_arm_noop_rate=0.120000
pred_full_noop_rate=0.105000
action_l1_raw_7d=0.038307
summary_json=/root/autodl-tmp/openvla_efficiency_project/scripts/Simulation/DF-05-01 Lora_Batch12/output/diagnostics/offline_action_train_200/summary.json
